
*** Running vivado
    with args -log Top_Picorv32.vds -m64 -product Vivado -mode batch -messageDb vivado.pb -notrace -source Top_Picorv32.tcl



****** Vivado v2020.2 (64-bit)
  **** SW Build 3064766 on Wed Nov 18 09:12:45 MST 2020
  **** IP Build 3064653 on Wed Nov 18 14:17:31 MST 2020
    ** Copyright 1986-2020 Xilinx, Inc. All Rights Reserved.

source Top_Picorv32.tcl -notrace
Command: synth_design -top Top_Picorv32 -part xc7z020clg400-1
Starting synth_design
Attempting to get a license for feature 'Synthesis' and/or device 'xc7z020'
INFO: [Common 17-349] Got license for feature 'Synthesis' and/or device 'xc7z020'
INFO: [Device 21-403] Loading part xc7z020clg400-1
INFO: [Synth 8-7079] Multithreading enabled for synth_design using a maximum of 2 processes.
INFO: [Synth 8-7078] Launching helper process for spawning children vivado processes
INFO: [Synth 8-7075] Helper process launched with PID 13032
---------------------------------------------------------------------------------
Starting RTL Elaboration : Time (s): cpu = 00:00:05 ; elapsed = 00:00:05 . Memory (MB): peak = 1016.633 ; gain = 0.000
---------------------------------------------------------------------------------
INFO: [Synth 8-6157] synthesizing module 'Top_Picorv32' [D:/Pikachu08181998/Documents/Air_pressure_sensor/project_6/project_6.srcs/sources_1/new/Top_Picorv32.v:23]
INFO: [Synth 8-6157] synthesizing module 'picorv32' [D:/Pikachu08181998/Documents/Air_pressure_sensor/project_6/project_6.srcs/sources_1/imports/picorv32-master/picorv32.v:62]
	Parameter ENABLE_COUNTERS bound to: 1'b1 
	Parameter ENABLE_COUNTERS64 bound to: 1'b1 
	Parameter ENABLE_REGS_16_31 bound to: 1'b1 
	Parameter ENABLE_REGS_DUALPORT bound to: 1'b1 
	Parameter LATCHED_MEM_RDATA bound to: 1'b0 
	Parameter TWO_STAGE_SHIFT bound to: 1'b1 
	Parameter BARREL_SHIFTER bound to: 1'b0 
	Parameter TWO_CYCLE_COMPARE bound to: 1'b0 
	Parameter TWO_CYCLE_ALU bound to: 1'b0 
	Parameter COMPRESSED_ISA bound to: 1'b0 
	Parameter CATCH_MISALIGN bound to: 1'b1 
	Parameter CATCH_ILLINSN bound to: 1'b1 
	Parameter ENABLE_PCPI bound to: 1'b0 
	Parameter ENABLE_MUL bound to: 1'b0 
	Parameter ENABLE_FAST_MUL bound to: 1'b0 
	Parameter ENABLE_DIV bound to: 1'b0 
	Parameter ENABLE_IRQ bound to: 1'b0 
	Parameter ENABLE_IRQ_QREGS bound to: 1'b1 
	Parameter ENABLE_IRQ_TIMER bound to: 1'b1 
	Parameter ENABLE_TRACE bound to: 1'b0 
	Parameter REGS_INIT_ZERO bound to: 1'b0 
	Parameter MASKED_IRQ bound to: 0 - type: integer 
	Parameter LATCHED_IRQ bound to: -1 - type: integer 
	Parameter PROGADDR_RESET bound to: 0 - type: integer 
	Parameter PROGADDR_IRQ bound to: 16 - type: integer 
	Parameter STACKADDR bound to: -1 - type: integer 
	Parameter irq_timer bound to: 0 - type: integer 
	Parameter irq_ebreak bound to: 1 - type: integer 
	Parameter irq_buserror bound to: 2 - type: integer 
	Parameter irqregs_offset bound to: 32 - type: integer 
	Parameter regfile_size bound to: 32 - type: integer 
	Parameter regindex_bits bound to: 5 - type: integer 
	Parameter WITH_PCPI bound to: 1'b0 
	Parameter TRACE_BRANCH bound to: 36'b000100000000000000000000000000000000 
	Parameter TRACE_ADDR bound to: 36'b001000000000000000000000000000000000 
	Parameter TRACE_IRQ bound to: 36'b100000000000000000000000000000000000 
	Parameter cpu_state_trap bound to: 8'b10000000 
	Parameter cpu_state_fetch bound to: 8'b01000000 
	Parameter cpu_state_ld_rs1 bound to: 8'b00100000 
	Parameter cpu_state_ld_rs2 bound to: 8'b00010000 
	Parameter cpu_state_exec bound to: 8'b00001000 
	Parameter cpu_state_shift bound to: 8'b00000100 
	Parameter cpu_state_stmem bound to: 8'b00000010 
	Parameter cpu_state_ldmem bound to: 8'b00000001 
WARNING: [Synth 8-151] case item 1'b0 is unreachable [D:/Pikachu08181998/Documents/Air_pressure_sensor/project_6/project_6.srcs/sources_1/imports/picorv32-master/picorv32.v:1264]
WARNING: [Synth 8-151] case item 1'b0 is unreachable [D:/Pikachu08181998/Documents/Air_pressure_sensor/project_6/project_6.srcs/sources_1/imports/picorv32-master/picorv32.v:1310]
INFO: [Synth 8-155] case statement is not full and has no default [D:/Pikachu08181998/Documents/Air_pressure_sensor/project_6/project_6.srcs/sources_1/imports/picorv32-master/picorv32.v:1310]
WARNING: [Synth 8-151] case item 1'b0 is unreachable [D:/Pikachu08181998/Documents/Air_pressure_sensor/project_6/project_6.srcs/sources_1/imports/picorv32-master/picorv32.v:1493]
INFO: [Synth 8-155] case statement is not full and has no default [D:/Pikachu08181998/Documents/Air_pressure_sensor/project_6/project_6.srcs/sources_1/imports/picorv32-master/picorv32.v:1493]
WARNING: [Synth 8-151] case item 1'b0 is unreachable [D:/Pikachu08181998/Documents/Air_pressure_sensor/project_6/project_6.srcs/sources_1/imports/picorv32-master/picorv32.v:1579]
WARNING: [Synth 8-151] case item 1'b0 is unreachable [D:/Pikachu08181998/Documents/Air_pressure_sensor/project_6/project_6.srcs/sources_1/imports/picorv32-master/picorv32.v:1579]
WARNING: [Synth 8-151] case item 1'b0 is unreachable [D:/Pikachu08181998/Documents/Air_pressure_sensor/project_6/project_6.srcs/sources_1/imports/picorv32-master/picorv32.v:1579]
WARNING: [Synth 8-151] case item 1'b0 is unreachable [D:/Pikachu08181998/Documents/Air_pressure_sensor/project_6/project_6.srcs/sources_1/imports/picorv32-master/picorv32.v:1579]
WARNING: [Synth 8-151] case item 1'b0 is unreachable [D:/Pikachu08181998/Documents/Air_pressure_sensor/project_6/project_6.srcs/sources_1/imports/picorv32-master/picorv32.v:1579]
INFO: [Synth 8-6155] done synthesizing module 'picorv32' (1#1) [D:/Pikachu08181998/Documents/Air_pressure_sensor/project_6/project_6.srcs/sources_1/imports/picorv32-master/picorv32.v:62]
WARNING: [Synth 8-7071] port 'mem_la_read' of module 'picorv32' is unconnected for instance 'processor' [D:/Pikachu08181998/Documents/Air_pressure_sensor/project_6/project_6.srcs/sources_1/new/Top_Picorv32.v:35]
WARNING: [Synth 8-7071] port 'mem_la_write' of module 'picorv32' is unconnected for instance 'processor' [D:/Pikachu08181998/Documents/Air_pressure_sensor/project_6/project_6.srcs/sources_1/new/Top_Picorv32.v:35]
WARNING: [Synth 8-7071] port 'mem_la_addr' of module 'picorv32' is unconnected for instance 'processor' [D:/Pikachu08181998/Documents/Air_pressure_sensor/project_6/project_6.srcs/sources_1/new/Top_Picorv32.v:35]
WARNING: [Synth 8-7071] port 'mem_la_wdata' of module 'picorv32' is unconnected for instance 'processor' [D:/Pikachu08181998/Documents/Air_pressure_sensor/project_6/project_6.srcs/sources_1/new/Top_Picorv32.v:35]
WARNING: [Synth 8-7071] port 'mem_la_wstrb' of module 'picorv32' is unconnected for instance 'processor' [D:/Pikachu08181998/Documents/Air_pressure_sensor/project_6/project_6.srcs/sources_1/new/Top_Picorv32.v:35]
WARNING: [Synth 8-7071] port 'pcpi_valid' of module 'picorv32' is unconnected for instance 'processor' [D:/Pikachu08181998/Documents/Air_pressure_sensor/project_6/project_6.srcs/sources_1/new/Top_Picorv32.v:35]
WARNING: [Synth 8-7071] port 'pcpi_insn' of module 'picorv32' is unconnected for instance 'processor' [D:/Pikachu08181998/Documents/Air_pressure_sensor/project_6/project_6.srcs/sources_1/new/Top_Picorv32.v:35]
WARNING: [Synth 8-7071] port 'pcpi_rs1' of module 'picorv32' is unconnected for instance 'processor' [D:/Pikachu08181998/Documents/Air_pressure_sensor/project_6/project_6.srcs/sources_1/new/Top_Picorv32.v:35]
WARNING: [Synth 8-7071] port 'pcpi_rs2' of module 'picorv32' is unconnected for instance 'processor' [D:/Pikachu08181998/Documents/Air_pressure_sensor/project_6/project_6.srcs/sources_1/new/Top_Picorv32.v:35]
WARNING: [Synth 8-7071] port 'pcpi_wr' of module 'picorv32' is unconnected for instance 'processor' [D:/Pikachu08181998/Documents/Air_pressure_sensor/project_6/project_6.srcs/sources_1/new/Top_Picorv32.v:35]
WARNING: [Synth 8-7071] port 'pcpi_rd' of module 'picorv32' is unconnected for instance 'processor' [D:/Pikachu08181998/Documents/Air_pressure_sensor/project_6/project_6.srcs/sources_1/new/Top_Picorv32.v:35]
WARNING: [Synth 8-7071] port 'pcpi_wait' of module 'picorv32' is unconnected for instance 'processor' [D:/Pikachu08181998/Documents/Air_pressure_sensor/project_6/project_6.srcs/sources_1/new/Top_Picorv32.v:35]
WARNING: [Synth 8-7071] port 'pcpi_ready' of module 'picorv32' is unconnected for instance 'processor' [D:/Pikachu08181998/Documents/Air_pressure_sensor/project_6/project_6.srcs/sources_1/new/Top_Picorv32.v:35]
WARNING: [Synth 8-7071] port 'irq' of module 'picorv32' is unconnected for instance 'processor' [D:/Pikachu08181998/Documents/Air_pressure_sensor/project_6/project_6.srcs/sources_1/new/Top_Picorv32.v:35]
WARNING: [Synth 8-7071] port 'eoi' of module 'picorv32' is unconnected for instance 'processor' [D:/Pikachu08181998/Documents/Air_pressure_sensor/project_6/project_6.srcs/sources_1/new/Top_Picorv32.v:35]
WARNING: [Synth 8-7071] port 'trace_valid' of module 'picorv32' is unconnected for instance 'processor' [D:/Pikachu08181998/Documents/Air_pressure_sensor/project_6/project_6.srcs/sources_1/new/Top_Picorv32.v:35]
WARNING: [Synth 8-7071] port 'trace_data' of module 'picorv32' is unconnected for instance 'processor' [D:/Pikachu08181998/Documents/Air_pressure_sensor/project_6/project_6.srcs/sources_1/new/Top_Picorv32.v:35]
WARNING: [Synth 8-7023] instance 'processor' of module 'picorv32' has 27 connections declared, but only 10 given [D:/Pikachu08181998/Documents/Air_pressure_sensor/project_6/project_6.srcs/sources_1/new/Top_Picorv32.v:35]
INFO: [Synth 8-6157] synthesizing module 'blk_mem_gen_0' [D:/Pikachu08181998/Documents/Air_pressure_sensor/project_6/project_6.runs/synth_1/.Xil/Vivado-35900-Pikachu/realtime/blk_mem_gen_0_stub.v:6]
INFO: [Synth 8-6155] done synthesizing module 'blk_mem_gen_0' (2#1) [D:/Pikachu08181998/Documents/Air_pressure_sensor/project_6/project_6.runs/synth_1/.Xil/Vivado-35900-Pikachu/realtime/blk_mem_gen_0_stub.v:6]
INFO: [Synth 8-6155] done synthesizing module 'Top_Picorv32' (3#1) [D:/Pikachu08181998/Documents/Air_pressure_sensor/project_6/project_6.srcs/sources_1/new/Top_Picorv32.v:23]
---------------------------------------------------------------------------------
Finished RTL Elaboration : Time (s): cpu = 00:00:06 ; elapsed = 00:00:07 . Memory (MB): peak = 1016.633 ; gain = 0.000
---------------------------------------------------------------------------------
---------------------------------------------------------------------------------
Start Handling Custom Attributes
---------------------------------------------------------------------------------
---------------------------------------------------------------------------------
Finished Handling Custom Attributes : Time (s): cpu = 00:00:07 ; elapsed = 00:00:08 . Memory (MB): peak = 1016.633 ; gain = 0.000
---------------------------------------------------------------------------------
---------------------------------------------------------------------------------
Finished RTL Optimization Phase 1 : Time (s): cpu = 00:00:07 ; elapsed = 00:00:08 . Memory (MB): peak = 1016.633 ; gain = 0.000
---------------------------------------------------------------------------------
Netlist sorting complete. Time (s): cpu = 00:00:00 ; elapsed = 00:00:00.040 . Memory (MB): peak = 1016.633 ; gain = 0.000
INFO: [Project 1-570] Preparing netlist for logic optimization

Processing XDC Constraints
Initializing timing engine
Parsing XDC File [d:/Pikachu08181998/Documents/Air_pressure_sensor/project_6/project_6.gen/sources_1/ip/blk_mem_gen_0/blk_mem_gen_0/blk_mem_gen_0_in_context.xdc] for cell 'mem'
Finished Parsing XDC File [d:/Pikachu08181998/Documents/Air_pressure_sensor/project_6/project_6.gen/sources_1/ip/blk_mem_gen_0/blk_mem_gen_0/blk_mem_gen_0_in_context.xdc] for cell 'mem'
Parsing XDC File [D:/Pikachu08181998/Documents/Air_pressure_sensor/project_6/project_6.srcs/constrs_1/imports/pynq-z1_c/PYNQ-Z1_C.xdc]
WARNING: [Vivado 12-584] No ports matched 'led[0]'. [D:/Pikachu08181998/Documents/Air_pressure_sensor/project_6/project_6.srcs/constrs_1/imports/pynq-z1_c/PYNQ-Z1_C.xdc:27]
WARNING: [Vivado 12-584] No ports matched 'led[1]'. [D:/Pikachu08181998/Documents/Air_pressure_sensor/project_6/project_6.srcs/constrs_1/imports/pynq-z1_c/PYNQ-Z1_C.xdc:28]
WARNING: [Vivado 12-584] No ports matched 'btn[0]'. [D:/Pikachu08181998/Documents/Air_pressure_sensor/project_6/project_6.srcs/constrs_1/imports/pynq-z1_c/PYNQ-Z1_C.xdc:34]
WARNING: [Vivado 12-584] No ports matched 'btn[1]'. [D:/Pikachu08181998/Documents/Air_pressure_sensor/project_6/project_6.srcs/constrs_1/imports/pynq-z1_c/PYNQ-Z1_C.xdc:35]
WARNING: [Vivado 12-584] No ports matched 'ck_miso'. [D:/Pikachu08181998/Documents/Air_pressure_sensor/project_6/project_6.srcs/constrs_1/imports/pynq-z1_c/PYNQ-Z1_C.xdc:147]
WARNING: [Vivado 12-584] No ports matched 'ck_mosi'. [D:/Pikachu08181998/Documents/Air_pressure_sensor/project_6/project_6.srcs/constrs_1/imports/pynq-z1_c/PYNQ-Z1_C.xdc:148]
WARNING: [Vivado 12-584] No ports matched 'ck_sck'. [D:/Pikachu08181998/Documents/Air_pressure_sensor/project_6/project_6.srcs/constrs_1/imports/pynq-z1_c/PYNQ-Z1_C.xdc:149]
WARNING: [Vivado 12-584] No ports matched 'ck_ss'. [D:/Pikachu08181998/Documents/Air_pressure_sensor/project_6/project_6.srcs/constrs_1/imports/pynq-z1_c/PYNQ-Z1_C.xdc:150]
Finished Parsing XDC File [D:/Pikachu08181998/Documents/Air_pressure_sensor/project_6/project_6.srcs/constrs_1/imports/pynq-z1_c/PYNQ-Z1_C.xdc]
WARNING: [Project 1-498] One or more constraints failed evaluation while reading constraint file [D:/Pikachu08181998/Documents/Air_pressure_sensor/project_6/project_6.srcs/constrs_1/imports/pynq-z1_c/PYNQ-Z1_C.xdc] and the design contains unresolved black boxes. These constraints will be read post-synthesis (as long as their source constraint file is marked as used_in_implementation) and should be applied correctly then. You should review the constraints listed in the file [.Xil/Top_Picorv32_propImpl.xdc] and check the run log file to verify that these constraints were correctly applied.
Completed Processing XDC Constraints

Netlist sorting complete. Time (s): cpu = 00:00:00 ; elapsed = 00:00:00.001 . Memory (MB): peak = 1098.711 ; gain = 0.000
INFO: [Project 1-111] Unisim Transformation Summary:
No Unisim elements were transformed.

Constraint Validation Runtime : Time (s): cpu = 00:00:00 ; elapsed = 00:00:00.045 . Memory (MB): peak = 1098.711 ; gain = 0.000
---------------------------------------------------------------------------------
Finished Constraint Validation : Time (s): cpu = 00:00:14 ; elapsed = 00:00:16 . Memory (MB): peak = 1098.711 ; gain = 82.078
---------------------------------------------------------------------------------
---------------------------------------------------------------------------------
Start Loading Part and Timing Information
---------------------------------------------------------------------------------
Loading part: xc7z020clg400-1
---------------------------------------------------------------------------------
Finished Loading Part and Timing Information : Time (s): cpu = 00:00:14 ; elapsed = 00:00:16 . Memory (MB): peak = 1098.711 ; gain = 82.078
---------------------------------------------------------------------------------
---------------------------------------------------------------------------------
Start Applying 'set_property' XDC Constraints
---------------------------------------------------------------------------------
Applied set_property KEEP_HIERARCHY = SOFT for mem. (constraint file  auto generated constraint).
---------------------------------------------------------------------------------
Finished applying 'set_property' XDC Constraints : Time (s): cpu = 00:00:14 ; elapsed = 00:00:16 . Memory (MB): peak = 1098.711 ; gain = 82.078
---------------------------------------------------------------------------------
---------------------------------------------------------------------------------
Finished RTL Optimization Phase 2 : Time (s): cpu = 00:00:15 ; elapsed = 00:00:17 . Memory (MB): peak = 1098.711 ; gain = 82.078
---------------------------------------------------------------------------------
---------------------------------------------------------------------------------
Start RTL Component Statistics 
---------------------------------------------------------------------------------
Detailed RTL Component Info : 
+---Adders : 
	   2 Input   32 Bit       Adders := 4     
	   3 Input   32 Bit       Adders := 1     
	   2 Input    5 Bit       Adders := 2     
+---XORs : 
	   2 Input     32 Bit         XORs := 1     
+---Registers : 
	               36 Bit    Registers := 1     
	               32 Bit    Registers := 13    
	                8 Bit    Registers := 1     
	                5 Bit    Registers := 6     
	                4 Bit    Registers := 1     
	                2 Bit    Registers := 2     
	                1 Bit    Registers := 77    
+---RAMs : 
	             1024 Bit	(32 X 32 bit)          RAMs := 1     
+---Muxes : 
	   2 Input   32 Bit        Muxes := 24    
	   8 Input   32 Bit        Muxes := 3     
	   5 Input   32 Bit        Muxes := 1     
	   6 Input   32 Bit        Muxes := 1     
	   4 Input   32 Bit        Muxes := 7     
	   9 Input   32 Bit        Muxes := 2     
	   7 Input   32 Bit        Muxes := 1     
	   2 Input   16 Bit        Muxes := 1     
	   4 Input    8 Bit        Muxes := 2     
	   8 Input    8 Bit        Muxes := 1     
	   9 Input    8 Bit        Muxes := 1     
	   2 Input    8 Bit        Muxes := 1     
	   8 Input    5 Bit        Muxes := 1     
	   2 Input    5 Bit        Muxes := 1     
	   9 Input    5 Bit        Muxes := 2     
	   3 Input    4 Bit        Muxes := 1     
	   5 Input    4 Bit        Muxes := 1     
	   4 Input    4 Bit        Muxes := 1     
	   2 Input    4 Bit        Muxes := 1     
	   2 Input    3 Bit        Muxes := 2     
	   6 Input    2 Bit        Muxes := 1     
	   9 Input    2 Bit        Muxes := 1     
	   9 Input    1 Bit        Muxes := 26    
	   2 Input    1 Bit        Muxes := 20    
	   4 Input    1 Bit        Muxes := 9     
	   7 Input    1 Bit        Muxes := 1     
	   8 Input    1 Bit        Muxes := 2     
	   3 Input    1 Bit        Muxes := 2     
---------------------------------------------------------------------------------
Finished RTL Component Statistics 
---------------------------------------------------------------------------------
---------------------------------------------------------------------------------
Start Part Resource Summary
---------------------------------------------------------------------------------
Part Resources:
DSPs: 220 (col length:60)
BRAMs: 280 (col length: RAMB18 60 RAMB36 30)
---------------------------------------------------------------------------------
Finished Part Resource Summary
---------------------------------------------------------------------------------
---------------------------------------------------------------------------------
Start Cross Boundary and Area Optimization
---------------------------------------------------------------------------------
---------------------------------------------------------------------------------
Finished Cross Boundary and Area Optimization : Time (s): cpu = 00:00:19 ; elapsed = 00:00:22 . Memory (MB): peak = 1098.711 ; gain = 82.078
---------------------------------------------------------------------------------
---------------------------------------------------------------------------------
Start ROM, RAM, DSP, Shift Register and Retiming Reporting
---------------------------------------------------------------------------------

Distributed RAM: Preliminary Mapping	Report (see note below)
+-------------+-----------------------+-----------+----------------------+--------------+
|Module Name  | RTL Object            | Inference | Size (Depth x Width) | Primitives   | 
+-------------+-----------------------+-----------+----------------------+--------------+
|Top_Picorv32 | processor/cpuregs_reg | Implied   | 32 x 32              | RAM32M x 12	 | 
+-------------+-----------------------+-----------+----------------------+--------------+

Note: The table above is a preliminary report that shows the Distributed RAMs at the current stage of the synthesis flow. Some Distributed RAMs may be reimplemented as non Distributed RAM primitives later in the synthesis flow. Multiple instantiated RAMs are reported only once.
---------------------------------------------------------------------------------
Finished ROM, RAM, DSP, Shift Register and Retiming Reporting
---------------------------------------------------------------------------------
---------------------------------------------------------------------------------
Start Applying XDC Timing Constraints
---------------------------------------------------------------------------------
---------------------------------------------------------------------------------
Finished Applying XDC Timing Constraints : Time (s): cpu = 00:00:26 ; elapsed = 00:00:30 . Memory (MB): peak = 1098.711 ; gain = 82.078
---------------------------------------------------------------------------------
---------------------------------------------------------------------------------
Start Timing Optimization
---------------------------------------------------------------------------------
---------------------------------------------------------------------------------
Finished Timing Optimization : Time (s): cpu = 00:00:26 ; elapsed = 00:00:30 . Memory (MB): peak = 1098.711 ; gain = 82.078
---------------------------------------------------------------------------------
---------------------------------------------------------------------------------
Start ROM, RAM, DSP, Shift Register and Retiming Reporting
---------------------------------------------------------------------------------

Distributed RAM: Final Mapping	Report
+-------------+-----------------------+-----------+----------------------+--------------+
|Module Name  | RTL Object            | Inference | Size (Depth x Width) | Primitives   | 
+-------------+-----------------------+-----------+----------------------+--------------+
|Top_Picorv32 | processor/cpuregs_reg | Implied   | 32 x 32              | RAM32M x 12	 | 
+-------------+-----------------------+-----------+----------------------+--------------+

---------------------------------------------------------------------------------
Finished ROM, RAM, DSP, Shift Register and Retiming Reporting
---------------------------------------------------------------------------------
---------------------------------------------------------------------------------
Start Technology Mapping
---------------------------------------------------------------------------------
---------------------------------------------------------------------------------
Finished Technology Mapping : Time (s): cpu = 00:00:26 ; elapsed = 00:00:30 . Memory (MB): peak = 1111.102 ; gain = 94.469
---------------------------------------------------------------------------------
---------------------------------------------------------------------------------
Start IO Insertion
---------------------------------------------------------------------------------
---------------------------------------------------------------------------------
Start Flattening Before IO Insertion
---------------------------------------------------------------------------------
---------------------------------------------------------------------------------
Finished Flattening Before IO Insertion
---------------------------------------------------------------------------------
---------------------------------------------------------------------------------
Start Final Netlist Cleanup
---------------------------------------------------------------------------------
---------------------------------------------------------------------------------
Finished Final Netlist Cleanup
---------------------------------------------------------------------------------
---------------------------------------------------------------------------------
Finished IO Insertion : Time (s): cpu = 00:00:30 ; elapsed = 00:00:34 . Memory (MB): peak = 1111.102 ; gain = 94.469
---------------------------------------------------------------------------------
---------------------------------------------------------------------------------
Start Renaming Generated Instances
---------------------------------------------------------------------------------
---------------------------------------------------------------------------------
Finished Renaming Generated Instances : Time (s): cpu = 00:00:30 ; elapsed = 00:00:34 . Memory (MB): peak = 1111.102 ; gain = 94.469
---------------------------------------------------------------------------------
---------------------------------------------------------------------------------
Start Rebuilding User Hierarchy
---------------------------------------------------------------------------------
---------------------------------------------------------------------------------
Finished Rebuilding User Hierarchy : Time (s): cpu = 00:00:30 ; elapsed = 00:00:34 . Memory (MB): peak = 1111.102 ; gain = 94.469
---------------------------------------------------------------------------------
---------------------------------------------------------------------------------
Start Renaming Generated Ports
---------------------------------------------------------------------------------
---------------------------------------------------------------------------------
Finished Renaming Generated Ports : Time (s): cpu = 00:00:30 ; elapsed = 00:00:34 . Memory (MB): peak = 1111.102 ; gain = 94.469
---------------------------------------------------------------------------------
---------------------------------------------------------------------------------
Start Handling Custom Attributes
---------------------------------------------------------------------------------
---------------------------------------------------------------------------------
Finished Handling Custom Attributes : Time (s): cpu = 00:00:30 ; elapsed = 00:00:34 . Memory (MB): peak = 1111.102 ; gain = 94.469
---------------------------------------------------------------------------------
---------------------------------------------------------------------------------
Start Renaming Generated Nets
---------------------------------------------------------------------------------
---------------------------------------------------------------------------------
Finished Renaming Generated Nets : Time (s): cpu = 00:00:30 ; elapsed = 00:00:34 . Memory (MB): peak = 1111.102 ; gain = 94.469
---------------------------------------------------------------------------------
---------------------------------------------------------------------------------
Start Writing Synthesis Report
---------------------------------------------------------------------------------

Report BlackBoxes: 
+------+--------------+----------+
|      |BlackBox name |Instances |
+------+--------------+----------+
|1     |blk_mem_gen_0 |         1|
+------+--------------+----------+

Report Cell Usage: 
+------+------------+------+
|      |Cell        |Count |
+------+------------+------+
|1     |blk_mem_gen |     1|
+------+------------+------+
---------------------------------------------------------------------------------
Finished Writing Synthesis Report : Time (s): cpu = 00:00:30 ; elapsed = 00:00:34 . Memory (MB): peak = 1111.102 ; gain = 94.469
---------------------------------------------------------------------------------
Synthesis finished with 0 errors, 0 critical warnings and 0 warnings.
Synthesis Optimization Runtime : Time (s): cpu = 00:00:20 ; elapsed = 00:00:30 . Memory (MB): peak = 1111.102 ; gain = 12.391
Synthesis Optimization Complete : Time (s): cpu = 00:00:30 ; elapsed = 00:00:34 . Memory (MB): peak = 1111.102 ; gain = 94.469
INFO: [Project 1-571] Translating synthesized netlist
Netlist sorting complete. Time (s): cpu = 00:00:00 ; elapsed = 00:00:00 . Memory (MB): peak = 1111.102 ; gain = 0.000
INFO: [Project 1-570] Preparing netlist for logic optimization
INFO: [Opt 31-138] Pushed 0 inverter(s) to 0 load pin(s).
Netlist sorting complete. Time (s): cpu = 00:00:00 ; elapsed = 00:00:00 . Memory (MB): peak = 1126.391 ; gain = 0.000
INFO: [Project 1-111] Unisim Transformation Summary:
No Unisim elements were transformed.

INFO: [Common 17-83] Releasing license: Synthesis
20 Infos, 35 Warnings, 0 Critical Warnings and 0 Errors encountered.
synth_design completed successfully
synth_design: Time (s): cpu = 00:00:35 ; elapsed = 00:00:42 . Memory (MB): peak = 1131.395 ; gain = 114.762
INFO: [Common 17-1381] The checkpoint 'D:/Pikachu08181998/Documents/Air_pressure_sensor/project_6/project_6.runs/synth_1/Top_Picorv32.dcp' has been generated.
INFO: [runtcl-4] Executing : report_utilization -file Top_Picorv32_utilization_synth.rpt -pb Top_Picorv32_utilization_synth.pb
INFO: [Common 17-206] Exiting Vivado at Wed Oct 27 13:33:10 2021...
